-------------------------------------------------------------------------------
Test set: de.zh32.axontesting.ProductTest
-------------------------------------------------------------------------------
Tests run: 2, Failures: 0, Errors: 2, Skipped: 0, Time elapsed: 0.26 sec <<< FAILURE!
can_create_product(de.zh32.axontesting.ProductTest)  Time elapsed: 0.206 sec  <<< ERROR!
org.axonframework.test.FixtureExecutionException: An Exception occurred while reconstructing the Aggregate from given and published events. This may be an indication that the aggregate cannot be recreated from its events.
	at org.axonframework.test.aggregate.AggregateTestFixture.detectIllegalStateChanges(AggregateTestFixture.java:317)
	at org.axonframework.test.aggregate.AggregateTestFixture.when(AggregateTestFixture.java:262)
	at org.axonframework.test.aggregate.AggregateTestFixture.when(AggregateTestFixture.java:249)
	at de.zh32.axontesting.ProductTest.can_create_product(ProductTest.java:27)
	at sun.reflect.NativeMethodAccessorImpl.invoke0(Native Method)
	at sun.reflect.NativeMethodAccessorImpl.invoke(NativeMethodAccessorImpl.java:62)
	at sun.reflect.DelegatingMethodAccessorImpl.invoke(DelegatingMethodAccessorImpl.java:43)
	at java.lang.reflect.Method.invoke(Method.java:498)
	at org.junit.runners.model.FrameworkMethod$1.runReflectiveCall(FrameworkMethod.java:50)
	at org.junit.internal.runners.model.ReflectiveCallable.run(ReflectiveCallable.java:12)
	at org.junit.runners.model.FrameworkMethod.invokeExplosively(FrameworkMethod.java:47)
	at org.junit.internal.runners.statements.InvokeMethod.evaluate(InvokeMethod.java:17)
	at org.junit.internal.runners.statements.RunBefores.evaluate(RunBefores.java:26)
	at org.junit.runners.ParentRunner.runLeaf(ParentRunner.java:325)
	at org.junit.runners.BlockJUnit4ClassRunner.runChild(BlockJUnit4ClassRunner.java:78)
	at org.junit.runners.BlockJUnit4ClassRunner.runChild(BlockJUnit4ClassRunner.java:57)
	at org.junit.runners.ParentRunner$3.run(ParentRunner.java:290)
	at org.junit.runners.ParentRunner$1.schedule(ParentRunner.java:71)
	at org.junit.runners.ParentRunner.runChildren(ParentRunner.java:288)
	at org.junit.runners.ParentRunner.access$000(ParentRunner.java:58)
	at org.junit.runners.ParentRunner$2.evaluate(ParentRunner.java:268)
	at org.junit.runners.ParentRunner.run(ParentRunner.java:363)
	at org.apache.maven.surefire.junit4.JUnit4Provider.execute(JUnit4Provider.java:252)
	at org.apache.maven.surefire.junit4.JUnit4Provider.executeTestSet(JUnit4Provider.java:141)
	at org.apache.maven.surefire.junit4.JUnit4Provider.invoke(JUnit4Provider.java:112)
	at sun.reflect.NativeMethodAccessorImpl.invoke0(Native Method)
	at sun.reflect.NativeMethodAccessorImpl.invoke(NativeMethodAccessorImpl.java:62)
	at sun.reflect.DelegatingMethodAccessorImpl.invoke(DelegatingMethodAccessorImpl.java:43)
	at java.lang.reflect.Method.invoke(Method.java:498)
	at org.apache.maven.surefire.util.ReflectionUtils.invokeMethodWithArray(ReflectionUtils.java:189)
	at org.apache.maven.surefire.booter.ProviderFactory$ProviderProxy.invoke(ProviderFactory.java:165)
	at org.apache.maven.surefire.booter.ProviderFactory.invokeProvider(ProviderFactory.java:85)
	at org.apache.maven.surefire.booter.ForkedBooter.runSuitesInProcess(ForkedBooter.java:115)
	at org.apache.maven.surefire.booter.ForkedBooter.main(ForkedBooter.java:75)
Caused by: org.axonframework.eventsourcing.IncompatibleAggregateException: Aggregate identifier must be non-null after applying an event. Make sure the aggregate identifier is initialized at the latest when handling the creation event.
	at org.axonframework.eventsourcing.EventSourcedAggregate.publish(EventSourcedAggregate.java:154)
	at java.util.Iterator.forEachRemaining(Iterator.java:116)
	at org.axonframework.eventsourcing.EventSourcedAggregate.lambda$initializeState$0(EventSourcedAggregate.java:182)
	at org.axonframework.commandhandling.model.inspection.AnnotatedAggregate.lambda$execute$2(AnnotatedAggregate.java:229)
	at org.axonframework.commandhandling.model.AggregateLifecycle.lambda$execute$3(AggregateLifecycle.java:199)
	at org.axonframework.commandhandling.model.AggregateLifecycle.executeWithResult(AggregateLifecycle.java:166)
	at org.axonframework.commandhandling.model.AggregateLifecycle.execute(AggregateLifecycle.java:198)
	at org.axonframework.commandhandling.model.inspection.AnnotatedAggregate.execute(AnnotatedAggregate.java:229)
	at org.axonframework.eventsourcing.EventSourcedAggregate.initializeState(EventSourcedAggregate.java:179)
	at org.axonframework.eventsourcing.EventSourcingRepository.doLoadWithLock(EventSourcingRepository.java:215)
	at org.axonframework.eventsourcing.EventSourcingRepository.doLoadWithLock(EventSourcingRepository.java:45)
	at org.axonframework.commandhandling.model.LockingRepository.doLoad(LockingRepository.java:162)
	at org.axonframework.commandhandling.model.LockingRepository.doLoad(LockingRepository.java:49)
	at org.axonframework.commandhandling.model.AbstractRepository.lambda$load$7(AbstractRepository.java:116)
	at java.util.HashMap.computeIfAbsent(HashMap.java:1127)
	at org.axonframework.commandhandling.model.AbstractRepository.load(AbstractRepository.java:115)
	at org.axonframework.test.aggregate.AggregateTestFixture$IdentifierValidatingRepository.load(AggregateTestFixture.java:451)
	at org.axonframework.test.aggregate.AggregateTestFixture.detectIllegalStateChanges(AggregateTestFixture.java:302)
	... 33 more

cant_create_product_if_already_exists(de.zh32.axontesting.ProductTest)  Time elapsed: 0.008 sec  <<< ERROR!
org.axonframework.test.FixtureExecutionException: An Exception occurred while reconstructing the Aggregate from given and published events. This may be an indication that the aggregate cannot be recreated from its events.
	at org.axonframework.test.aggregate.AggregateTestFixture.detectIllegalStateChanges(AggregateTestFixture.java:317)
	at org.axonframework.test.aggregate.AggregateTestFixture.when(AggregateTestFixture.java:262)
	at org.axonframework.test.aggregate.AggregateTestFixture.when(AggregateTestFixture.java:249)
	at de.zh32.axontesting.ProductTest.cant_create_product_if_already_exists(ProductTest.java:35)
	at sun.reflect.NativeMethodAccessorImpl.invoke0(Native Method)
	at sun.reflect.NativeMethodAccessorImpl.invoke(NativeMethodAccessorImpl.java:62)
	at sun.reflect.DelegatingMethodAccessorImpl.invoke(DelegatingMethodAccessorImpl.java:43)
	at java.lang.reflect.Method.invoke(Method.java:498)
	at org.junit.runners.model.FrameworkMethod$1.runReflectiveCall(FrameworkMethod.java:50)
	at org.junit.internal.runners.model.ReflectiveCallable.run(ReflectiveCallable.java:12)
	at org.junit.runners.model.FrameworkMethod.invokeExplosively(FrameworkMethod.java:47)
	at org.junit.internal.runners.statements.InvokeMethod.evaluate(InvokeMethod.java:17)
	at org.junit.internal.runners.statements.RunBefores.evaluate(RunBefores.java:26)
	at org.junit.runners.ParentRunner.runLeaf(ParentRunner.java:325)
	at org.junit.runners.BlockJUnit4ClassRunner.runChild(BlockJUnit4ClassRunner.java:78)
	at org.junit.runners.BlockJUnit4ClassRunner.runChild(BlockJUnit4ClassRunner.java:57)
	at org.junit.runners.ParentRunner$3.run(ParentRunner.java:290)
	at org.junit.runners.ParentRunner$1.schedule(ParentRunner.java:71)
	at org.junit.runners.ParentRunner.runChildren(ParentRunner.java:288)
	at org.junit.runners.ParentRunner.access$000(ParentRunner.java:58)
	at org.junit.runners.ParentRunner$2.evaluate(ParentRunner.java:268)
	at org.junit.runners.ParentRunner.run(ParentRunner.java:363)
	at org.apache.maven.surefire.junit4.JUnit4Provider.execute(JUnit4Provider.java:252)
	at org.apache.maven.surefire.junit4.JUnit4Provider.executeTestSet(JUnit4Provider.java:141)
	at org.apache.maven.surefire.junit4.JUnit4Provider.invoke(JUnit4Provider.java:112)
	at sun.reflect.NativeMethodAccessorImpl.invoke0(Native Method)
	at sun.reflect.NativeMethodAccessorImpl.invoke(NativeMethodAccessorImpl.java:62)
	at sun.reflect.DelegatingMethodAccessorImpl.invoke(DelegatingMethodAccessorImpl.java:43)
	at java.lang.reflect.Method.invoke(Method.java:498)
	at org.apache.maven.surefire.util.ReflectionUtils.invokeMethodWithArray(ReflectionUtils.java:189)
	at org.apache.maven.surefire.booter.ProviderFactory$ProviderProxy.invoke(ProviderFactory.java:165)
	at org.apache.maven.surefire.booter.ProviderFactory.invokeProvider(ProviderFactory.java:85)
	at org.apache.maven.surefire.booter.ForkedBooter.runSuitesInProcess(ForkedBooter.java:115)
	at org.apache.maven.surefire.booter.ForkedBooter.main(ForkedBooter.java:75)
Caused by: org.axonframework.eventsourcing.IncompatibleAggregateException: Aggregate identifier must be non-null after applying an event. Make sure the aggregate identifier is initialized at the latest when handling the creation event.
	at org.axonframework.eventsourcing.EventSourcedAggregate.publish(EventSourcedAggregate.java:154)
	at java.util.Iterator.forEachRemaining(Iterator.java:116)
	at org.axonframework.eventsourcing.EventSourcedAggregate.lambda$initializeState$0(EventSourcedAggregate.java:182)
	at org.axonframework.commandhandling.model.inspection.AnnotatedAggregate.lambda$execute$2(AnnotatedAggregate.java:229)
	at org.axonframework.commandhandling.model.AggregateLifecycle.lambda$execute$3(AggregateLifecycle.java:199)
	at org.axonframework.commandhandling.model.AggregateLifecycle.executeWithResult(AggregateLifecycle.java:166)
	at org.axonframework.commandhandling.model.AggregateLifecycle.execute(AggregateLifecycle.java:198)
	at org.axonframework.commandhandling.model.inspection.AnnotatedAggregate.execute(AnnotatedAggregate.java:229)
	at org.axonframework.eventsourcing.EventSourcedAggregate.initializeState(EventSourcedAggregate.java:179)
	at org.axonframework.eventsourcing.EventSourcingRepository.doLoadWithLock(EventSourcingRepository.java:215)
	at org.axonframework.eventsourcing.EventSourcingRepository.doLoadWithLock(EventSourcingRepository.java:45)
	at org.axonframework.commandhandling.model.LockingRepository.doLoad(LockingRepository.java:162)
	at org.axonframework.commandhandling.model.LockingRepository.doLoad(LockingRepository.java:49)
	at org.axonframework.commandhandling.model.AbstractRepository.lambda$load$7(AbstractRepository.java:116)
	at java.util.HashMap.computeIfAbsent(HashMap.java:1127)
	at org.axonframework.commandhandling.model.AbstractRepository.load(AbstractRepository.java:115)
	at org.axonframework.test.aggregate.AggregateTestFixture$IdentifierValidatingRepository.load(AggregateTestFixture.java:451)
	at org.axonframework.test.aggregate.AggregateTestFixture.detectIllegalStateChanges(AggregateTestFixture.java:302)
	... 33 more

